This file contains any messages produced by compilers while
running configure, to aid debugging if configure makes a mistake.

It was created by flimanalysis configure 0.1, which was
generated by GNU Autoconf 2.67.  Invocation command line was

  $ ./configure 

## --------- ##
## Platform. ##
## --------- ##

hostname = schnucki
uname -m = x86_64
uname -r = 3.12-1-amd64
uname -s = Linux
uname -v = #1 SMP Debian 3.12.6-2 (2013-12-29)

/usr/bin/uname -p = unknown
/bin/uname -X     = unknown

/bin/arch              = unknown
/usr/bin/arch -k       = unknown
/usr/convex/getsysinfo = unknown
/usr/bin/hostinfo      = unknown
/bin/machine           = unknown
/usr/bin/oslevel       = unknown
/bin/universe          = unknown

PATH: /usr/local/bin
PATH: /usr/bin
PATH: /bin
PATH: /usr/local/games
PATH: /usr/games
PATH: /home/matze/Progs/bin
PATH: /sbin
PATH: /usr/sbin
PATH: /usr/local/sbin
PATH: /home/matze/Progs/bin
PATH: /sbin
PATH: /usr/sbin
PATH: /usr/local/sbin


## ----------- ##
## Core tests. ##
## ----------- ##

configure:2115: checking for a BSD-compatible install
configure:2183: result: /usr/bin/install -c
configure:2194: checking whether build environment is sane
configure:2244: result: yes
configure:2385: checking for a thread-safe mkdir -p
configure:2424: result: /bin/mkdir -p
configure:2437: checking for gawk
configure:2453: found /usr/bin/gawk
configure:2464: result: gawk
configure:2475: checking whether make sets $(MAKE)
configure:2497: result: yes
configure:2651: checking for gcc
configure:2667: found /usr/bin/gcc
configure:2678: result: gcc
configure:2907: checking for C compiler version
configure:2916: gcc --version >&5
gcc (Debian 4.8.2-12) 4.8.2
Copyright (C) 2013 Free Software Foundation, Inc.
This is free software; see the source for copying conditions.  There is NO
warranty; not even for MERCHANTABILITY or FITNESS FOR A PARTICULAR PURPOSE.

configure:2927: $? = 0
configure:2916: gcc -v >&5
Using built-in specs.
COLLECT_GCC=gcc
COLLECT_LTO_WRAPPER=/usr/lib/gcc/x86_64-linux-gnu/4.8/lto-wrapper
Target: x86_64-linux-gnu
Configured with: ../src/configure -v --with-pkgversion='Debian 4.8.2-12' --with-bugurl=file:///usr/share/doc/gcc-4.8/README.Bugs --enable-languages=c,c++,java,go,d,fortran,objc,obj-c++ --prefix=/usr --program-suffix=-4.8 --enable-shared --enable-linker-build-id --libexecdir=/usr/lib --without-included-gettext --enable-threads=posix --with-gxx-include-dir=/usr/include/c++/4.8 --libdir=/usr/lib --enable-nls --with-sysroot=/ --enable-clocale=gnu --enable-libstdcxx-debug --enable-libstdcxx-time=yes --enable-gnu-unique-object --disable-libmudflap --enable-plugin --with-system-zlib --disable-browser-plugin --enable-java-awt=gtk --enable-gtk-cairo --with-java-home=/usr/lib/jvm/java-1.5.0-gcj-4.8-amd64/jre --enable-java-home --with-jvm-root-dir=/usr/lib/jvm/java-1.5.0-gcj-4.8-amd64 --with-jvm-jar-dir=/usr/lib/jvm-exports/java-1.5.0-gcj-4.8-amd64 --with-arch-directory=amd64 --with-ecj-jar=/usr/share/java/eclipse-ecj.jar --enable-objc-gc --enable-multiarch --with-arch-32=i586 --with-abi=m64 --with-multilib-list=m32,m64,mx32 --with-tune=generic --enable-checking=release --build=x86_64-linux-gnu --host=x86_64-linux-gnu --target=x86_64-linux-gnu
Thread model: posix
gcc version 4.8.2 (Debian 4.8.2-12) 
configure:2927: $? = 0
configure:2916: gcc -V >&5
gcc: error: unrecognized command line option '-V'
gcc: fatal error: no input files
compilation terminated.
configure:2927: $? = 4
configure:2916: gcc -qversion >&5
gcc: error: unrecognized command line option '-qversion'
gcc: fatal error: no input files
compilation terminated.
configure:2927: $? = 4
configure:2947: checking whether the C compiler works
configure:2969: gcc -O2   conftest.c  >&5
configure:2973: $? = 0
configure:3021: result: yes
configure:3024: checking for C compiler default output file name
configure:3026: result: a.out
configure:3032: checking for suffix of executables
configure:3039: gcc -o conftest -O2   conftest.c  >&5
configure:3043: $? = 0
configure:3065: result: 
configure:3087: checking whether we are cross compiling
configure:3095: gcc -o conftest -O2   conftest.c  >&5
configure:3099: $? = 0
configure:3106: ./conftest
configure:3110: $? = 0
configure:3125: result: no
configure:3130: checking for suffix of object files
configure:3152: gcc -c -O2  conftest.c >&5
configure:3156: $? = 0
configure:3177: result: o
configure:3181: checking whether we are using the GNU C compiler
configure:3200: gcc -c -O2  conftest.c >&5
configure:3200: $? = 0
configure:3209: result: yes
configure:3218: checking whether gcc accepts -g
configure:3238: gcc -c -g  conftest.c >&5
configure:3238: $? = 0
configure:3279: result: yes
configure:3296: checking for gcc option to accept ISO C89
configure:3360: gcc  -c -O2  conftest.c >&5
configure:3360: $? = 0
configure:3373: result: none needed
configure:3404: checking for style of include used by make
configure:3432: result: GNU
configure:3457: checking dependency style of gcc
configure:3567: result: gcc3
configure:3586: checking for sin in -lm
configure:3611: gcc -o conftest -O2   conftest.c -lm   >&5
conftest.c:18:6: warning: conflicting types for built-in function 'sin' [enabled by default]
 char sin ();
      ^
configure:3611: $? = 0
configure:3620: result: yes
configure:3637: checking how to run the C preprocessor
configure:3668: gcc -E  conftest.c
configure:3668: $? = 0
configure:3682: gcc -E  conftest.c
conftest.c:12:28: fatal error: ac_nonexistent.h: No such file or directory
 #include <ac_nonexistent.h>
                            ^
compilation terminated.
configure:3682: $? = 1
configure: failed program was:
| /* confdefs.h */
| #define PACKAGE_NAME "flimanalysis"
| #define PACKAGE_TARNAME "flimanalysis"
| #define PACKAGE_VERSION "0.1"
| #define PACKAGE_STRING "flimanalysis 0.1"
| #define PACKAGE_BUGREPORT "matthias.reis@biologie.hu-berlin.de"
| #define PACKAGE_URL ""
| #define PACKAGE "flimanalysis"
| #define VERSION "0.1"
| #define HAVE_LIBM 1
| /* end confdefs.h.  */
| #include <ac_nonexistent.h>
configure:3707: result: gcc -E
configure:3727: gcc -E  conftest.c
configure:3727: $? = 0
configure:3741: gcc -E  conftest.c
conftest.c:12:28: fatal error: ac_nonexistent.h: No such file or directory
 #include <ac_nonexistent.h>
                            ^
compilation terminated.
configure:3741: $? = 1
configure: failed program was:
| /* confdefs.h */
| #define PACKAGE_NAME "flimanalysis"
| #define PACKAGE_TARNAME "flimanalysis"
| #define PACKAGE_VERSION "0.1"
| #define PACKAGE_STRING "flimanalysis 0.1"
| #define PACKAGE_BUGREPORT "matthias.reis@biologie.hu-berlin.de"
| #define PACKAGE_URL ""
| #define PACKAGE "flimanalysis"
| #define VERSION "0.1"
| #define HAVE_LIBM 1
| /* end confdefs.h.  */
| #include <ac_nonexistent.h>
configure:3770: checking for grep that handles long lines and -e
configure:3828: result: /bin/grep
configure:3833: checking for egrep
configure:3895: result: /bin/grep -E
configure:3900: checking for ANSI C header files
configure:3920: gcc -c -O2  conftest.c >&5
configure:3920: $? = 0
configure:3993: gcc -o conftest -O2   conftest.c -lm  >&5
configure:3993: $? = 0
configure:3993: ./conftest
configure:3993: $? = 0
configure:4004: result: yes
configure:4017: checking for sys/types.h
configure:4017: gcc -c -O2  conftest.c >&5
configure:4017: $? = 0
configure:4017: result: yes
configure:4017: checking for sys/stat.h
configure:4017: gcc -c -O2  conftest.c >&5
configure:4017: $? = 0
configure:4017: result: yes
configure:4017: checking for stdlib.h
configure:4017: gcc -c -O2  conftest.c >&5
configure:4017: $? = 0
configure:4017: result: yes
configure:4017: checking for string.h
configure:4017: gcc -c -O2  conftest.c >&5
configure:4017: $? = 0
configure:4017: result: yes
configure:4017: checking for memory.h
configure:4017: gcc -c -O2  conftest.c >&5
configure:4017: $? = 0
configure:4017: result: yes
configure:4017: checking for strings.h
configure:4017: gcc -c -O2  conftest.c >&5
configure:4017: $? = 0
configure:4017: result: yes
configure:4017: checking for inttypes.h
configure:4017: gcc -c -O2  conftest.c >&5
configure:4017: $? = 0
configure:4017: result: yes
configure:4017: checking for stdint.h
configure:4017: gcc -c -O2  conftest.c >&5
configure:4017: $? = 0
configure:4017: result: yes
configure:4017: checking for unistd.h
configure:4017: gcc -c -O2  conftest.c >&5
configure:4017: $? = 0
configure:4017: result: yes
configure:4031: checking tiffio.h usability
configure:4031: gcc -c -O2  conftest.c >&5
configure:4031: $? = 0
configure:4031: result: yes
configure:4031: checking tiffio.h presence
configure:4031: gcc -E  conftest.c
configure:4031: $? = 0
configure:4031: result: yes
configure:4031: checking for tiffio.h
configure:4031: result: yes
configure:4043: checking for tif_dir.h
configure:4043: gcc -c -O2  conftest.c >&5
conftest.c:25:21: fatal error: tif_dir.h: No such file or directory
 #include <tif_dir.h>
                     ^
compilation terminated.
configure:4043: $? = 1
configure: failed program was:
| /* confdefs.h */
| #define PACKAGE_NAME "flimanalysis"
| #define PACKAGE_TARNAME "flimanalysis"
| #define PACKAGE_VERSION "0.1"
| #define PACKAGE_STRING "flimanalysis 0.1"
| #define PACKAGE_BUGREPORT "matthias.reis@biologie.hu-berlin.de"
| #define PACKAGE_URL ""
| #define PACKAGE "flimanalysis"
| #define VERSION "0.1"
| #define HAVE_LIBM 1
| #define STDC_HEADERS 1
| #define HAVE_SYS_TYPES_H 1
| #define HAVE_SYS_STAT_H 1
| #define HAVE_STDLIB_H 1
| #define HAVE_STRING_H 1
| #define HAVE_MEMORY_H 1
| #define HAVE_STRINGS_H 1
| #define HAVE_INTTYPES_H 1
| #define HAVE_STDINT_H 1
| #define HAVE_UNISTD_H 1
| #define HAVE_TIFFIO_H 1
| /* end confdefs.h.  */
| #include <tiffio.h>
| 
| #include <tif_dir.h>
configure:4043: result: no
configure:4055: checking for TIFFOpen in -ltiff
configure:4080: gcc -o conftest -O2   conftest.c -ltiff -lm -lm  >&5
configure:4080: $? = 0
configure:4089: result: yes
configure:4155: checking for pkg-config
configure:4173: found /usr/bin/pkg-config
configure:4185: result: /usr/bin/pkg-config
configure:4210: checking pkg-config is at least version 0.9.0
configure:4213: result: yes
configure:4223: checking for GSL
configure:4230: $PKG_CONFIG --exists --print-errors "gsl"
configure:4233: $? = 0
configure:4246: $PKG_CONFIG --exists --print-errors "gsl"
configure:4249: $? = 0
configure:4306: result: yes
configure:4315: checking for cblas_dgemm in -lgslcblas
configure:4340: gcc -o conftest -O2   conftest.c -lgslcblas  -lm  >&5
configure:4340: $? = 0
configure:4349: result: yes
configure:4368: checking for GLIB
configure:4375: $PKG_CONFIG --exists --print-errors "glib-2.0"
configure:4378: $? = 0
configure:4391: $PKG_CONFIG --exists --print-errors "glib-2.0"
configure:4394: $? = 0
configure:4451: result: yes
configure:4586: creating ./config.status

## ---------------------- ##
## Running config.status. ##
## ---------------------- ##

This file was extended by flimanalysis config.status 0.1, which was
generated by GNU Autoconf 2.67.  Invocation command line was

  CONFIG_FILES    = 
  CONFIG_HEADERS  = 
  CONFIG_LINKS    = 
  CONFIG_COMMANDS = 
  $ ./config.status 

on schnucki

config.status:873: creating Makefile
config.status:873: creating src/Makefile
config.status:873: creating config.h
config.status:1101: executing depfiles commands

## ---------------- ##
## Cache variables. ##
## ---------------- ##

ac_cv_c_compiler_gnu=yes
ac_cv_env_CC_set=
ac_cv_env_CC_value=
ac_cv_env_CFLAGS_set=
ac_cv_env_CFLAGS_value=
ac_cv_env_CPPFLAGS_set=
ac_cv_env_CPPFLAGS_value=
ac_cv_env_CPP_set=
ac_cv_env_CPP_value=
ac_cv_env_GLIB_CFLAGS_set=
ac_cv_env_GLIB_CFLAGS_value=
ac_cv_env_GLIB_LIBS_set=
ac_cv_env_GLIB_LIBS_value=
ac_cv_env_GSL_CFLAGS_set=
ac_cv_env_GSL_CFLAGS_value=
ac_cv_env_GSL_LIBS_set=
ac_cv_env_GSL_LIBS_value=
ac_cv_env_LDFLAGS_set=
ac_cv_env_LDFLAGS_value=
ac_cv_env_LIBS_set=
ac_cv_env_LIBS_value=
ac_cv_env_PKG_CONFIG_LIBDIR_set=
ac_cv_env_PKG_CONFIG_LIBDIR_value=
ac_cv_env_PKG_CONFIG_PATH_set=
ac_cv_env_PKG_CONFIG_PATH_value=
ac_cv_env_PKG_CONFIG_set=
ac_cv_env_PKG_CONFIG_value=
ac_cv_env_build_alias_set=
ac_cv_env_build_alias_value=
ac_cv_env_host_alias_set=
ac_cv_env_host_alias_value=
ac_cv_env_target_alias_set=
ac_cv_env_target_alias_value=
ac_cv_header_inttypes_h=yes
ac_cv_header_memory_h=yes
ac_cv_header_stdc=yes
ac_cv_header_stdint_h=yes
ac_cv_header_stdlib_h=yes
ac_cv_header_string_h=yes
ac_cv_header_strings_h=yes
ac_cv_header_sys_stat_h=yes
ac_cv_header_sys_types_h=yes
ac_cv_header_tif_dir_h=no
ac_cv_header_tiffio_h=yes
ac_cv_header_unistd_h=yes
ac_cv_lib_gslcblas_cblas_dgemm=yes
ac_cv_lib_m_sin=yes
ac_cv_lib_tiff_TIFFOpen=yes
ac_cv_objext=o
ac_cv_path_EGREP='/bin/grep -E'
ac_cv_path_GREP=/bin/grep
ac_cv_path_ac_pt_PKG_CONFIG=/usr/bin/pkg-config
ac_cv_path_install='/usr/bin/install -c'
ac_cv_path_mkdir=/bin/mkdir
ac_cv_prog_AWK=gawk
ac_cv_prog_CPP='gcc -E'
ac_cv_prog_ac_ct_CC=gcc
ac_cv_prog_cc_c89=
ac_cv_prog_cc_g=yes
ac_cv_prog_make_make_set=yes
am_cv_CC_dependencies_compiler_type=gcc3
pkg_cv_GLIB_CFLAGS='-I/usr/include/glib-2.0 -I/usr/lib/x86_64-linux-gnu/glib-2.0/include  '
pkg_cv_GLIB_LIBS='-lglib-2.0  '
pkg_cv_GSL_CFLAGS=' '
pkg_cv_GSL_LIBS='-lgsl -lgslcblas -lm  '

## ----------------- ##
## Output variables. ##
## ----------------- ##

ACLOCAL='${SHELL} /home/matze/workspace/singlephotontools/flimanalysis/missing --run aclocal-1.11'
AMDEPBACKSLASH='\'
AMDEP_FALSE='#'
AMDEP_TRUE=''
AMTAR='${SHELL} /home/matze/workspace/singlephotontools/flimanalysis/missing --run tar'
AUTOCONF='${SHELL} /home/matze/workspace/singlephotontools/flimanalysis/missing --run autoconf'
AUTOHEADER='${SHELL} /home/matze/workspace/singlephotontools/flimanalysis/missing --run autoheader'
AUTOMAKE='${SHELL} /home/matze/workspace/singlephotontools/flimanalysis/missing --run automake-1.11'
AWK='gawk'
CC='gcc'
CCDEPMODE='depmode=gcc3'
CFLAGS='-O2 -Wall'
CPP='gcc -E'
CPPFLAGS=''
CYGPATH_W='echo'
DEBUG_FALSE=''
DEBUG_TRUE='#'
DEFS='-DHAVE_CONFIG_H'
DEPDIR='.deps'
ECHO_C=''
ECHO_N='-n'
ECHO_T=''
EGREP='/bin/grep -E'
EXEEXT=''
GLIB_CFLAGS='-I/usr/include/glib-2.0 -I/usr/lib/x86_64-linux-gnu/glib-2.0/include  '
GLIB_LIBS='-lglib-2.0  '
GREP='/bin/grep'
GSLCBLAS_CFLAGS=''
GSLCBLAS_LIBS=''
GSL_CFLAGS=' '
GSL_LIBS='-lgsl -lgslcblas -lm  '
INSTALL_DATA='${INSTALL} -m 644'
INSTALL_PROGRAM='${INSTALL}'
INSTALL_SCRIPT='${INSTALL}'
INSTALL_STRIP_PROGRAM='$(install_sh) -c -s'
LDFLAGS=''
LIBOBJS=''
LIBS='-lgslcblas -lm '
LTLIBOBJS=''
MAKEINFO='${SHELL} /home/matze/workspace/singlephotontools/flimanalysis/missing --run makeinfo'
MKDIR_P='/bin/mkdir -p'
OBJEXT='o'
PACKAGE='flimanalysis'
PACKAGE_BUGREPORT='matthias.reis@biologie.hu-berlin.de'
PACKAGE_NAME='flimanalysis'
PACKAGE_STRING='flimanalysis 0.1'
PACKAGE_TARNAME='flimanalysis'
PACKAGE_URL=''
PACKAGE_VERSION='0.1'
PATH_SEPARATOR=':'
PKG_CONFIG='/usr/bin/pkg-config'
PKG_CONFIG_LIBDIR=''
PKG_CONFIG_PATH=''
SET_MAKE=''
SHELL='/bin/bash'
STRIP=''
TIFF_CFLAGS=''
TIFF_LIBS='-ltiff'
VERSION='0.1'
ac_ct_CC='gcc'
am__EXEEXT_FALSE=''
am__EXEEXT_TRUE='#'
am__fastdepCC_FALSE='#'
am__fastdepCC_TRUE=''
am__include='include'
am__isrc=''
am__leading_dot='.'
am__quote=''
am__tar='${AMTAR} chof - "$$tardir"'
am__untar='${AMTAR} xf -'
bindir='${exec_prefix}/bin'
build_alias=''
datadir='${datarootdir}'
datarootdir='${prefix}/share'
docdir='${datarootdir}/doc/${PACKAGE_TARNAME}'
dvidir='${docdir}'
exec_prefix='${prefix}'
host_alias=''
htmldir='${docdir}'
includedir='${prefix}/include'
infodir='${datarootdir}/info'
install_sh='${SHELL} /home/matze/workspace/singlephotontools/flimanalysis/install-sh'
libdir='${exec_prefix}/lib'
libexecdir='${exec_prefix}/libexec'
localedir='${datarootdir}/locale'
localstatedir='${prefix}/var'
mandir='${datarootdir}/man'
mkdir_p='/bin/mkdir -p'
oldincludedir='/usr/include'
pdfdir='${docdir}'
prefix='/usr/local'
program_transform_name='s,x,x,'
psdir='${docdir}'
sbindir='${exec_prefix}/sbin'
sharedstatedir='${prefix}/com'
sysconfdir='${prefix}/etc'
target_alias=''

## ----------- ##
## confdefs.h. ##
## ----------- ##

/* confdefs.h */
#define PACKAGE_NAME "flimanalysis"
#define PACKAGE_TARNAME "flimanalysis"
#define PACKAGE_VERSION "0.1"
#define PACKAGE_STRING "flimanalysis 0.1"
#define PACKAGE_BUGREPORT "matthias.reis@biologie.hu-berlin.de"
#define PACKAGE_URL ""
#define PACKAGE "flimanalysis"
#define VERSION "0.1"
#define HAVE_LIBM 1
#define STDC_HEADERS 1
#define HAVE_SYS_TYPES_H 1
#define HAVE_SYS_STAT_H 1
#define HAVE_STDLIB_H 1
#define HAVE_STRING_H 1
#define HAVE_MEMORY_H 1
#define HAVE_STRINGS_H 1
#define HAVE_INTTYPES_H 1
#define HAVE_STDINT_H 1
#define HAVE_UNISTD_H 1
#define HAVE_TIFFIO_H 1
#define HAVE_LIBGSLCBLAS 1

configure: exit 0

## ---------------------- ##
## Running config.status. ##
## ---------------------- ##

This file was extended by flimanalysis config.status 0.1, which was
generated by GNU Autoconf 2.67.  Invocation command line was

  CONFIG_FILES    = 
  CONFIG_HEADERS  = 
  CONFIG_LINKS    = 
  CONFIG_COMMANDS = 
  $ ./config.status config.h

on schnucki

config.status:873: creating config.h
config.status:1053: config.h is unchanged
